{
  "RSpec": {
    "coverage": {
      "/Users/student/Desktop/makers/daily-diary/spec/entries_spec.rb": {
        "lines": [
          1,
          null,
          1,
          null,
          1,
          1,
          1,
          1,
          1,
          null,
          1,
          1,
          null,
          null,
          null,
          1,
          null,
          null,
          null
        ]
      },
      "/Users/student/Desktop/makers/daily-diary/lib/entries.rb": {
        "lines": [
          1,
          1,
          2,
          null,
          2,
          48,
          null,
          null
        ]
      },
      "/Users/student/Desktop/makers/daily-diary/spec/features/adding_entry_spec.rb": {
        "lines": [
          null,
          null,
          null,
          1,
          1,
          1,
          1,
          null,
          1,
          1,
          null,
          null,
          1,
          1,
          1,
          1,
          null,
          1,
          null,
          null
        ]
      },
      "/Users/student/Desktop/makers/daily-diary/spec/features/test_spec.rb": {
        "lines": [
          1,
          1,
          1,
          null,
          1,
          null,
          null
        ]
      }
    },
    "timestamp": 1588838595
  }
}
